{"/home/user/Development/launch-darkly-poc/feature-flag-service/src/app.controller.ts": {"path":"/home/user/Development/launch-darkly-poc/feature-flag-service/src/app.controller.ts","statementMap":{"0":{"start":{"line":1,"column":0},"end":{"line":1,"column":49}},"1":{"start":{"line":2,"column":0},"end":{"line":2,"column":43}},"2":{"start":{"line":5,"column":7},"end":{"line":12,"column":null}},"3":{"start":{"line":6,"column":31},"end":{"line":6,"column":43}},"4":{"start":{"line":10,"column":4},"end":{"line":10,"column":39}},"5":{"start":{"line":5,"column":13},"end":{"line":5,"column":26}},"6":{"start":{"line":9,"column":2},"end":{"line":11,"column":null}},"7":{"start":{"line":5,"column":13},"end":{"line":12,"column":null}}},"fnMap":{"0":{"name":"(anonymous_2)","decl":{"start":{"line":6,"column":2},"end":{"line":6,"column":31}},"loc":{"start":{"line":6,"column":53},"end":{"line":6,"column":57}}},"1":{"name":"(anonymous_3)","decl":{"start":{"line":9,"column":2},"end":{"line":9,"column":11}},"loc":{"start":{"line":9,"column":11},"end":{"line":11,"column":3}}}},"branchMap":{},"s":{"0":1,"1":1,"2":1,"3":1,"4":1,"5":1,"6":1,"7":1},"f":{"0":1,"1":1},"b":{}}
,"/home/user/Development/launch-darkly-poc/feature-flag-service/src/app.service.ts": {"path":"/home/user/Development/launch-darkly-poc/feature-flag-service/src/app.service.ts","statementMap":{"0":{"start":{"line":1,"column":0},"end":{"line":1,"column":44}},"1":{"start":{"line":2,"column":0},"end":{"line":2,"column":79}},"2":{"start":{"line":5,"column":7},"end":{"line":14,"column":null}},"3":{"start":{"line":6,"column":31},"end":{"line":6,"column":53}},"4":{"start":{"line":8,"column":4},"end":{"line":12,"column":6}},"5":{"start":{"line":5,"column":13},"end":{"line":5,"column":23}},"6":{"start":{"line":5,"column":13},"end":{"line":14,"column":null}}},"fnMap":{"0":{"name":"(anonymous_2)","decl":{"start":{"line":6,"column":2},"end":{"line":6,"column":31}},"loc":{"start":{"line":6,"column":73},"end":{"line":6,"column":77}}},"1":{"name":"(anonymous_3)","decl":{"start":{"line":7,"column":9},"end":{"line":7,"column":14}},"loc":{"start":{"line":7,"column":24},"end":{"line":13,"column":3}}}},"branchMap":{},"s":{"0":1,"1":1,"2":1,"3":1,"4":1,"5":1,"6":1},"f":{"0":1,"1":1},"b":{}}
,"/home/user/Development/launch-darkly-poc/feature-flag-service/src/main.ts": {"path":"/home/user/Development/launch-darkly-poc/feature-flag-service/src/main.ts","statementMap":{"0":{"start":{"line":1,"column":0},"end":{"line":1,"column":43}},"1":{"start":{"line":2,"column":0},"end":{"line":2,"column":41}},"2":{"start":{"line":3,"column":0},"end":{"line":3,"column":48}},"3":{"start":{"line":4,"column":0},"end":{"line":4,"column":65}},"4":{"start":{"line":7,"column":14},"end":{"line":7,"column":49}},"5":{"start":{"line":9,"column":2},"end":{"line":9,"column":43}},"6":{"start":{"line":11,"column":17},"end":{"line":15,"column":12}},"7":{"start":{"line":16,"column":19},"end":{"line":16,"column":60}},"8":{"start":{"line":17,"column":2},"end":{"line":17,"column":48}},"9":{"start":{"line":19,"column":2},"end":{"line":19,"column":45}},"10":{"start":{"line":22,"column":0},"end":{"line":22,"column":12}}},"fnMap":{"0":{"name":"bootstrap","decl":{"start":{"line":6,"column":15},"end":{"line":6,"column":24}},"loc":{"start":{"line":6,"column":24},"end":{"line":20,"column":1}}}},"branchMap":{"0":{"loc":{"start":{"line":19,"column":19},"end":{"line":19,"column":43}},"type":"binary-expr","locations":[{"start":{"line":19,"column":19},"end":{"line":19,"column":35}},{"start":{"line":19,"column":39},"end":{"line":19,"column":43}}]}},"s":{"0":0,"1":0,"2":0,"3":0,"4":0,"5":0,"6":0,"7":0,"8":0,"9":0,"10":0},"f":{"0":0},"b":{"0":[0,0]}}
,"/home/user/Development/launch-darkly-poc/feature-flag-service/src/feature-toggle/feature-toggle.controller.ts": {"path":"/home/user/Development/launch-darkly-poc/feature-flag-service/src/feature-toggle/feature-toggle.controller.ts","statementMap":{"0":{"start":{"line":1,"column":0},"end":{"line":1,"column":85}},"1":{"start":{"line":2,"column":0},"end":{"line":2,"column":64}},"2":{"start":{"line":3,"column":0},"end":{"line":3,"column":67}},"3":{"start":{"line":4,"column":0},"end":{"line":4,"column":47}},"4":{"start":{"line":7,"column":7},"end":{"line":16,"column":null}},"5":{"start":{"line":8,"column":33},"end":{"line":8,"column":55}},"6":{"start":{"line":14,"column":8},"end":{"line":14,"column":84}},"7":{"start":{"line":7,"column":13},"end":{"line":7,"column":36}},"8":{"start":{"line":13,"column":4},"end":{"line":15,"column":null}},"9":{"start":{"line":7,"column":13},"end":{"line":16,"column":null}}},"fnMap":{"0":{"name":"(anonymous_4)","decl":{"start":{"line":8,"column":4},"end":{"line":8,"column":33}},"loc":{"start":{"line":8,"column":75},"end":{"line":8,"column":80}}},"1":{"name":"(anonymous_5)","decl":{"start":{"line":13,"column":4},"end":{"line":13,"column":20}},"loc":{"start":{"line":13,"column":105},"end":{"line":15,"column":5}}}},"branchMap":{},"s":{"0":1,"1":1,"2":1,"3":1,"4":1,"5":1,"6":0,"7":1,"8":1,"9":1},"f":{"0":1,"1":0},"b":{}}
,"/home/user/Development/launch-darkly-poc/feature-flag-service/src/feature-toggle/feature-toggle.service.ts": {"path":"/home/user/Development/launch-darkly-poc/feature-flag-service/src/feature-toggle/feature-toggle.service.ts","statementMap":{"0":{"start":{"line":1,"column":0},"end":{"line":1,"column":103}},"1":{"start":{"line":2,"column":0},"end":{"line":2,"column":62}},"2":{"start":{"line":3,"column":0},"end":{"line":3,"column":64}},"3":{"start":{"line":6,"column":22},"end":{"line":6,"column":37}},"4":{"start":{"line":9,"column":33},"end":{"line":63,"column":null}},"5":{"start":{"line":10,"column":19},"end":{"line":10,"column":66}},"6":{"start":{"line":14,"column":4},"end":{"line":18,"column":6}},"7":{"start":{"line":20,"column":4},"end":{"line":26,"column":5}},"8":{"start":{"line":21,"column":6},"end":{"line":21,"column":104}},"9":{"start":{"line":22,"column":6},"end":{"line":22,"column":55}},"10":{"start":{"line":24,"column":6},"end":{"line":24,"column":61}},"11":{"start":{"line":25,"column":6},"end":{"line":25,"column":82}},"12":{"start":{"line":33,"column":4},"end":{"line":35,"column":5}},"13":{"start":{"line":34,"column":6},"end":{"line":34,"column":76}},"14":{"start":{"line":37,"column":4},"end":{"line":41,"column":6}},"15":{"start":{"line":46,"column":4},"end":{"line":48,"column":5}},"16":{"start":{"line":47,"column":6},"end":{"line":47,"column":101}},"17":{"start":{"line":50,"column":4},"end":{"line":57,"column":5}},"18":{"start":{"line":51,"column":6},"end":{"line":51,"column":117}},"19":{"start":{"line":52,"column":22},"end":{"line":52,"column":62}},"20":{"start":{"line":53,"column":6},"end":{"line":53,"column":62}},"21":{"start":{"line":55,"column":6},"end":{"line":55,"column":60}},"22":{"start":{"line":56,"column":6},"end":{"line":56,"column":81}},"23":{"start":{"line":61,"column":4},"end":{"line":61,"column":39}},"24":{"start":{"line":9,"column":13},"end":{"line":9,"column":33}},"25":{"start":{"line":9,"column":13},"end":{"line":63,"column":null}}},"fnMap":{"0":{"name":"(anonymous_1)","decl":{"start":{"line":9,"column":7},"end":{"line":9,"column":13}},"loc":{"start":{"line":9,"column":7},"end":{"line":63,"column":1}}},"1":{"name":"(anonymous_2)","decl":{"start":{"line":13,"column":2},"end":{"line":13,"column":7}},"loc":{"start":{"line":13,"column":20},"end":{"line":27,"column":3}}},"2":{"name":"(anonymous_3)","decl":{"start":{"line":29,"column":10},"end":{"line":29,"column":24}},"loc":{"start":{"line":29,"column":65},"end":{"line":42,"column":3}}},"3":{"name":"(anonymous_4)","decl":{"start":{"line":45,"column":9},"end":{"line":45,"column":14}},"loc":{"start":{"line":45,"column":85},"end":{"line":58,"column":3}}},"4":{"name":"(anonymous_5)","decl":{"start":{"line":60,"column":9},"end":{"line":60,"column":22}},"loc":{"start":{"line":60,"column":22},"end":{"line":62,"column":3}}}},"branchMap":{"0":{"loc":{"start":{"line":33,"column":4},"end":{"line":35,"column":5}},"type":"if","locations":[{"start":{"line":33,"column":4},"end":{"line":35,"column":5}}]},"1":{"loc":{"start":{"line":33,"column":8},"end":{"line":33,"column":90}},"type":"binary-expr","locations":[{"start":{"line":33,"column":8},"end":{"line":33,"column":33}},{"start":{"line":33,"column":37},"end":{"line":33,"column":61}},{"start":{"line":33,"column":65},"end":{"line":33,"column":90}}]},"2":{"loc":{"start":{"line":38,"column":12},"end":{"line":38,"column":53}},"type":"binary-expr","locations":[{"start":{"line":38,"column":12},"end":{"line":38,"column":36}},{"start":{"line":38,"column":40},"end":{"line":38,"column":53}}]},"3":{"loc":{"start":{"line":39,"column":11},"end":{"line":39,"column":51}},"type":"binary-expr","locations":[{"start":{"line":39,"column":11},"end":{"line":39,"column":34}},{"start":{"line":39,"column":38},"end":{"line":39,"column":51}}]},"4":{"loc":{"start":{"line":40,"column":12},"end":{"line":40,"column":53}},"type":"binary-expr","locations":[{"start":{"line":40,"column":12},"end":{"line":40,"column":36}},{"start":{"line":40,"column":40},"end":{"line":40,"column":53}}]},"5":{"loc":{"start":{"line":46,"column":4},"end":{"line":48,"column":5}},"type":"if","locations":[{"start":{"line":46,"column":4},"end":{"line":48,"column":5}}]}},"s":{"0":3,"1":3,"2":3,"3":3,"4":3,"5":16,"6":10,"7":10,"8":10,"9":9,"10":1,"11":1,"12":7,"13":4,"14":7,"15":7,"16":4,"17":3,"18":3,"19":3,"20":3,"21":1,"22":1,"23":2,"24":3,"25":3},"f":{"0":16,"1":10,"2":7,"3":7,"4":2},"b":{"0":[4],"1":[7,5,3],"2":[7,2],"3":[7,4],"4":[7,3],"5":[4]}}
,"/home/user/Development/launch-darkly-poc/feature-flag-service/src/sample-implementation/sample-implementation.controller.ts": {"path":"/home/user/Development/launch-darkly-poc/feature-flag-service/src/sample-implementation/sample-implementation.controller.ts","statementMap":{"0":{"start":{"line":1,"column":0},"end":{"line":1,"column":49}},"1":{"start":{"line":2,"column":0},"end":{"line":2,"column":78}},"2":{"start":{"line":5,"column":7},"end":{"line":14,"column":null}},"3":{"start":{"line":7,"column":21},"end":{"line":7,"column":50}},"4":{"start":{"line":12,"column":4},"end":{"line":12,"column":59}},"5":{"start":{"line":5,"column":13},"end":{"line":5,"column":43}},"6":{"start":{"line":11,"column":2},"end":{"line":13,"column":null}},"7":{"start":{"line":5,"column":13},"end":{"line":14,"column":null}}},"fnMap":{"0":{"name":"(anonymous_2)","decl":{"start":{"line":6,"column":2},"end":{"line":6,"column":null}},"loc":{"start":{"line":7,"column":77},"end":{"line":8,"column":6}}},"1":{"name":"(anonymous_3)","decl":{"start":{"line":11,"column":2},"end":{"line":11,"column":14}},"loc":{"start":{"line":11,"column":14},"end":{"line":13,"column":3}}}},"branchMap":{},"s":{"0":1,"1":1,"2":1,"3":1,"4":0,"5":1,"6":1,"7":1},"f":{"0":1,"1":0},"b":{}}
,"/home/user/Development/launch-darkly-poc/feature-flag-service/src/sample-implementation/sample-implementation.service.ts": {"path":"/home/user/Development/launch-darkly-poc/feature-flag-service/src/sample-implementation/sample-implementation.service.ts","statementMap":{"0":{"start":{"line":1,"column":0},"end":{"line":1,"column":44}},"1":{"start":{"line":2,"column":0},"end":{"line":2,"column":82}},"2":{"start":{"line":4,"column":0},"end":{"line":4,"column":50}},"3":{"start":{"line":8,"column":40},"end":{"line":46,"column":null}},"4":{"start":{"line":10,"column":31},"end":{"line":10,"column":44}},"5":{"start":{"line":9,"column":19},"end":{"line":9,"column":73}},"6":{"start":{"line":13,"column":21},"end":{"line":19,"column":null}},"7":{"start":{"line":16,"column":10},"end":{"line":16,"column":50}},"8":{"start":{"line":17,"column":10},"end":{"line":17,"column":80}},"9":{"start":{"line":21,"column":4},"end":{"line":21,"column":16}},"10":{"start":{"line":25,"column":4},"end":{"line":25,"column":17}},"11":{"start":{"line":29,"column":4},"end":{"line":29,"column":17}},"12":{"start":{"line":33,"column":14},"end":{"line":33,"column":15}},"13":{"start":{"line":34,"column":14},"end":{"line":34,"column":15}},"14":{"start":{"line":36,"column":4},"end":{"line":44,"column":5}},"15":{"start":{"line":37,"column":43},"end":{"line":37,"column":99}},"16":{"start":{"line":38,"column":24},"end":{"line":38,"column":81}},"17":{"start":{"line":40,"column":6},"end":{"line":40,"column":84}},"18":{"start":{"line":42,"column":6},"end":{"line":42,"column":54}},"19":{"start":{"line":43,"column":6},"end":{"line":43,"column":75}},"20":{"start":{"line":8,"column":13},"end":{"line":8,"column":40}},"21":{"start":{"line":8,"column":13},"end":{"line":46,"column":null}}},"fnMap":{"0":{"name":"(anonymous_2)","decl":{"start":{"line":10,"column":2},"end":{"line":10,"column":31}},"loc":{"start":{"line":10,"column":55},"end":{"line":10,"column":59}}},"1":{"name":"(anonymous_3)","decl":{"start":{"line":12,"column":10},"end":{"line":12,"column":15}},"loc":{"start":{"line":12,"column":81},"end":{"line":22,"column":3}}},"2":{"name":"(anonymous_4)","decl":{"start":{"line":15,"column":19},"end":{"line":15,"column":20}},"loc":{"start":{"line":15,"column":41},"end":{"line":18,"column":9}}},"3":{"name":"(anonymous_5)","decl":{"start":{"line":24,"column":10},"end":{"line":24,"column":15}},"loc":{"start":{"line":24,"column":56},"end":{"line":26,"column":3}}},"4":{"name":"(anonymous_6)","decl":{"start":{"line":28,"column":10},"end":{"line":28,"column":15}},"loc":{"start":{"line":28,"column":51},"end":{"line":30,"column":3}}},"5":{"name":"(anonymous_7)","decl":{"start":{"line":32,"column":9},"end":{"line":32,"column":14}},"loc":{"start":{"line":32,"column":27},"end":{"line":45,"column":3}}}},"branchMap":{"0":{"loc":{"start":{"line":40,"column":13},"end":{"line":40,"column":83}},"type":"cond-expr","locations":[{"start":{"line":40,"column":25},"end":{"line":40,"column":50}},{"start":{"line":40,"column":53},"end":{"line":40,"column":83}}]}},"s":{"0":2,"1":2,"2":2,"3":2,"4":2,"5":2,"6":0,"7":0,"8":0,"9":0,"10":0,"11":0,"12":0,"13":0,"14":0,"15":0,"16":0,"17":0,"18":0,"19":0,"20":2,"21":2},"f":{"0":2,"1":0,"2":0,"3":0,"4":0,"5":0},"b":{"0":[0,0]}}
}
